{"event":"auth_success","userId":"cmdubd8i10000t93c93k73c7g","email":"sv_borisov@mail.ru","timestamp":"2025-08-02T17:51:10.966Z"}
{"event":"auth_success","userId":"cmdubd8i10000t93c93k73c7g","email":"sv_borisov@mail.ru","timestamp":"2025-08-02T18:30:07.552Z"}
{"event":"shares_created","dealerId":"cmdubd8i10000t93c93k73c7g","prime":"1961768485736206605876683","threshold":1,"recipients":["cmdui1l590000t9l8b161sqzv"],"timestamp":"2025-08-02T18:41:44.496Z"}
{"event":"auth_success","userId":"cmdui1l590000t9l8b161sqzv","email":"sv_borisov0@mail.ru","timestamp":"2025-08-02T18:42:09.331Z"}
{"event":"shares_created","dealerId":"cmdui1l590000t9l8b161sqzv","prime":"59827835014877501119845191539","threshold":1,"recipients":["cmdubd8i10000t93c93k73c7g"],"timestamp":"2025-08-02T18:42:37.323Z"}
{"event":"auth_success","userId":"cmdubd8i10000t93c93k73c7g","email":"sv_borisov@mail.ru","timestamp":"2025-08-02T18:42:49.976Z"}
{"event":"auth_success","userId":"cmdubd8i10000t93c93k73c7g","email":"sv_borisov@mail.ru","timestamp":"2025-08-02T18:52:08.472Z"}
{"event":"auth_success","userId":"cmdubd8i10000t93c93k73c7g","email":"sv_borisov@mail.ru","timestamp":"2025-08-02T18:52:16.316Z"}
{"event":"auth_success","userId":"cmdui1l590000t9l8b161sqzv","email":"sv_borisov0@mail.ru","timestamp":"2025-08-02T18:52:25.808Z"}
{"event":"auth_success","userId":"cmdubd8i10000t93c93k73c7g","email":"sv_borisov@mail.ru","timestamp":"2025-08-02T18:52:37.387Z"}
{"event":"auth_success","userId":"cmdubd8i10000t93c93k73c7g","email":"sv_borisov@mail.ru","timestamp":"2025-08-02T18:57:37.672Z"}
{"event":"shares_created","dealerId":"cmdubd8i10000t93c93k73c7g","prime":"135244024222906513912890493043","threshold":3,"recipients":["cmdum731u0009t9d8sflnq6ps","cmdum72wq0008t9d8ttj7lzzj","cmdum72mi0006t9d8mmbgwfzw","cmdum72cd0004t9d85qu4e5w4","cmdum72hg0005t9d8ohd8u1r2","cmdum72780003t9d82oy68zvo","cmdum71wr0001t9d8xtnjna7f","cmdum71nx0000t9d8dgvqwiu2","cmdum721s0002t9d8q20fsd20"],"timestamp":"2025-08-02T19:02:05.233Z"}
{"event":"auth_success","userId":"cmdum72mi0006t9d8mmbgwfzw","email":"user7@example.com","timestamp":"2025-08-02T19:02:53.621Z"}
{"event":"auth_success","userId":"cmdubd8i10000t93c93k73c7g","email":"sv_borisov@mail.ru","timestamp":"2025-08-02T19:06:13.519Z"}
{"event":"auth_success","userId":"cmdundj8z0000t9d4y81lajv3","email":"sv_borisov@mail.ru","timestamp":"2025-08-02T19:30:29.982Z"}
{"event":"shamir_session_created","dealerId":"cmdundj8z0000t9d4y81lajv3","sessionId":"cmdune4ck0001t9d4e1tu91vr","prime":"39554852756154137","threshold":1,"timestamp":"2025-08-02T19:30:55.822Z"}
{"event":"share_saved","sessionId":"cmdune4ck0001t9d4e1tu91vr","recipient":"cmdundj8z0000t9d4y81lajv3","x":"1","timestamp":"2025-08-02T19:30:55.971Z"}
{"event":"auth_success","userId":"cmduodsq90000t9wcde10axam","email":"sv_borisov03@mail.ru","timestamp":"2025-08-02T19:58:43.132Z"}
{"event":"shamir_session_created","dealerId":"cmduodsq90000t9wcde10axam","sessionId":"cmduoe4w20001t9wct6qe25p3","prime":"277010255823811","threshold":1,"timestamp":"2025-08-02T19:58:56.143Z"}
{"event":"share_saved","sessionId":"cmduoe4w20001t9wct6qe25p3","recipient":"cmdundj8z0000t9d4y81lajv3","x":"1","timestamp":"2025-08-02T19:58:56.292Z"}
{"event":"shamir_session_created","dealerId":"cmduodsq90000t9wcde10axam","sessionId":"cmduoeuen0002t9wc29viefg6","prime":"1214644351","threshold":1,"timestamp":"2025-08-02T19:59:29.210Z"}
{"event":"share_saved","sessionId":"cmduoeuen0002t9wc29viefg6","recipient":"cmduodsq90000t9wcde10axam","x":"1","timestamp":"2025-08-02T19:59:29.360Z"}
{"event":"auth_success","userId":"cmduomtwc0003t9wc55lhbmde","email":"sv_borisov0@mail.ru","timestamp":"2025-08-02T20:05:43.851Z"}
{"event":"shamir_session_created","dealerId":"cmduomtwc0003t9wc55lhbmde","sessionId":"cmduon4zw0004t9wco12p448f","prime":"16500293","threshold":1,"timestamp":"2025-08-02T20:05:56.182Z"}
{"event":"share_saved","sessionId":"cmduon4zw0004t9wco12p448f","recipient":"cmduomtwc0003t9wc55lhbmde","x":"1","timestamp":"2025-08-02T20:05:56.332Z"}
{"event":"auth_success","userId":"cmduomtwc0003t9wc55lhbmde","email":"sv_borisov0@mail.ru","timestamp":"2025-08-02T20:12:46.497Z"}
{"event":"shamir_session_created","dealerId":"cmduomtwc0003t9wc55lhbmde","sessionId":"cmduowrot0005t9wcgar87pmm","prime":"13738049740219544371","threshold":1,"timestamp":"2025-08-02T20:13:25.495Z"}
{"event":"share_saved","sessionId":"cmduowrot0005t9wcgar87pmm","recipient":"cmduomtwc0003t9wc55lhbmde","x":"1","timestamp":"2025-08-02T20:13:25.643Z"}
{"event":"auth_success","userId":"cmduodsq90000t9wcde10axam","email":"sv_borisov03@mail.ru","timestamp":"2025-08-02T20:17:38.890Z"}
{"event":"auth_success","userId":"cmdup5xjb0000t9bc1usmu7ic","email":"sv_borisov03@mail.ru","timestamp":"2025-08-02T20:20:38.459Z"}
{"event":"shamir_session_created","dealerId":"cmdup5xjb0000t9bc1usmu7ic","sessionId":"cmdup6b8r0001t9bco2gz7kr0","prime":"206191324147969","threshold":1,"timestamp":"2025-08-02T20:20:50.750Z"}
{"event":"share_saved","sessionId":"cmdup6b8r0001t9bco2gz7kr0","recipient":"cmduomtwc0003t9wc55lhbmde","x":"1","timestamp":"2025-08-02T20:20:50.908Z"}
{"event":"shamir_session_created","dealerId":"cmdup5xjb0000t9bc1usmu7ic","sessionId":"cmdup6vx70002t9bcgloio4jl","prime":"258846459980219","threshold":1,"timestamp":"2025-08-02T20:21:17.540Z"}
{"event":"share_saved","sessionId":"cmdup6vx70002t9bcgloio4jl","recipient":"cmdup5xjb0000t9bc1usmu7ic","x":"1","timestamp":"2025-08-02T20:21:17.686Z"}
{"event":"auth_success","userId":"cmdupacpu0003t9bcs9zunl66","email":"sv_borisov03@mail.ru","timestamp":"2025-08-02T20:24:00.788Z"}
{"event":"shamir_session_created","dealerId":"cmdupacpu0003t9bcs9zunl66","sessionId":"cmdupb5yo0004t9bcxtnlyvix","prime":"163176689437297","threshold":1,"timestamp":"2025-08-02T20:24:37.142Z"}
{"event":"share_saved","sessionId":"cmdupb5yo0004t9bcxtnlyvix","recipient":"cmdupacpu0003t9bcs9zunl66","x":"1","timestamp":"2025-08-02T20:24:37.253Z"}
{"event":"auth_success","userId":"cmdupdfwu0005t9bconoe36ca","email":"sv_boov03@mail.ru","timestamp":"2025-08-02T20:26:24.967Z"}
{"event":"shamir_session_created","dealerId":"cmdupdfwu0005t9bconoe36ca","sessionId":"cmdupdq7i0006t9bchz5100zs","prime":"202977219960113","threshold":1,"timestamp":"2025-08-02T20:26:36.733Z"}
{"event":"share_saved","sessionId":"cmdupdq7i0006t9bchz5100zs","recipient":"cmdupdfwu0005t9bconoe36ca","x":"1","timestamp":"2025-08-02T20:26:36.887Z"}
{"event":"shamir_session_created","dealerId":"cmdupdfwu0005t9bconoe36ca","sessionId":"cmdupuftp0007t9bctblxnjnj","prime":"223449087617101","threshold":1,"timestamp":"2025-08-02T20:39:36.421Z"}
{"event":"share_saved","sessionId":"cmdupuftp0007t9bctblxnjnj","recipient":"cmdupdfwu0005t9bconoe36ca","x":"1","timestamp":"2025-08-02T20:39:36.574Z"}
{"event":"shamir_session_created","dealerId":"cmdupdfwu0005t9bconoe36ca","sessionId":"cmduq84kr0008t9bclwg18kl7","prime":"174220304726983","threshold":1,"timestamp":"2025-08-02T20:50:15.029Z"}
{"event":"share_saved","sessionId":"cmduq84kr0008t9bclwg18kl7","recipient":"cmdupdfwu0005t9bconoe36ca","x":"1","timestamp":"2025-08-02T20:50:15.180Z"}
{"event":"auth_success","userId":"cmdv6umll0000t9foqdpet98x","email":"sv_boov03@mail.ru","timestamp":"2025-08-03T04:35:40.439Z"}
{"event":"shamir_session_created","dealerId":"cmdv6umll0000t9foqdpet98x","sessionId":"cmdv6z8xo0001t9fordcziq23","prime":"201205008998453","threshold":1,"timestamp":"2025-08-03T04:39:14.249Z"}
{"event":"share_saved","sessionId":"cmdv6z8xo0001t9fordcziq23","recipient":"cmdv6umll0000t9foqdpet98x","x":"1","timestamp":"2025-08-03T04:39:14.409Z"}
{"event":"auth_success","userId":"cmdv72hx10002t9foc46y5tgj","email":"sv_boov0@mail.ru","timestamp":"2025-08-03T04:42:06.437Z"}
{"event":"shamir_session_created","dealerId":"cmdv72hx10002t9foc46y5tgj","sessionId":"cmdv73bkv0003t9foi0cn859g","prime":"141444351879251","threshold":1,"timestamp":"2025-08-03T04:42:24.303Z"}
{"event":"share_saved","sessionId":"cmdv73bkv0003t9foi0cn859g","recipient":"cmdv72hx10002t9foc46y5tgj","x":"1","timestamp":"2025-08-03T04:42:24.462Z"}
{"event":"auth_success","userId":"cmdv7zuud0007t9fosrrtimen","email":"sv_boovasdasasdasasdass0@mail.ru","timestamp":"2025-08-03T05:07:44.452Z"}
{"event":"auth_success","userId":"cmdv82z5k0008t9foffzmw6dv","email":"sv_boovasdaasdassasdasasdass0@mail.ru","timestamp":"2025-08-03T05:10:09.052Z"}
{"event":"auth_success","userId":"cmdv82z5k0008t9foffzmw6dv","email":"sv_boovasdaasdassasdasasdass0@mail.ru","timestamp":"2025-08-03T05:15:42.679Z"}
{"event":"auth_success","userId":"cmdv8bn130000t9roamo7nf6m","email":"dasd@mail.ru","timestamp":"2025-08-03T05:16:54.415Z"}
{"event":"auth_success","userId":"cmdv8bn130000t9roamo7nf6m","email":"dasd@mail.ru","timestamp":"2025-08-03T05:17:51.248Z"}
{"event":"shamir_session_created","dealerId":"cmdv8bn130000t9roamo7nf6m","sessionId":"cmdv8dg7y0001t9roz456l85j","prime":"647321700569","threshold":1,"timestamp":"2025-08-03T05:18:16.487Z"}
{"event":"share_saved","sessionId":"cmdv8dg7y0001t9roz456l85j","recipient":"cmdv8bn130000t9roamo7nf6m","x":"1","timestamp":"2025-08-03T05:18:16.634Z"}
{"event":"auth_success","userId":"cmdv9srw50000t9sgam5gfu7e","email":"dasd@mail.ru","timestamp":"2025-08-03T05:58:12.382Z"}
{"event":"auth_success","userId":"cmdv9srw50000t9sgam5gfu7e","email":"dasd@mail.ru","timestamp":"2025-08-03T05:58:34.340Z"}
{"event":"auth_success","userId":"cmdv9srw50000t9sgam5gfu7e","email":"dasd@mail.ru","timestamp":"2025-08-03T05:59:35.693Z"}
{"event":"shamir_session_created","dealerId":"cmdv9srw50000t9sgam5gfu7e","sessionId":"cmdv9urx90001t9sgubpj83bq","prime":"153964604937167","threshold":1,"timestamp":"2025-08-03T05:59:44.422Z"}
{"event":"share_saved","sessionId":"cmdv9urx90001t9sgubpj83bq","recipient":"cmdv9srw50000t9sgam5gfu7e","x":"1","timestamp":"2025-08-03T05:59:44.577Z"}
{"event":"shamir_session_created","dealerId":"cmdv9srw50000t9sgam5gfu7e","sessionId":"cmdvbocjk000nt9sglkwchihs","prime":"900871309453","threshold":1,"timestamp":"2025-08-03T06:50:43.786Z"}
{"event":"share_saved","sessionId":"cmdvbocjk000nt9sglkwchihs","recipient":"cmdv9srw50000t9sgam5gfu7e","x":"1","timestamp":"2025-08-03T06:50:43.938Z"}
{"event":"shamir_session_created","dealerId":"cmdv9srw50000t9sgam5gfu7e","sessionId":"cmdvk4glp0023t9sg8tcxj71a","prime":"14105424616286774299212330165268184185593433","threshold":1,"timestamp":"2025-08-03T10:47:12.471Z"}
{"event":"share_saved","sessionId":"cmdvk4glp0023t9sg8tcxj71a","recipient":"cmdv9srw50000t9sgam5gfu7e","x":"1","timestamp":"2025-08-03T10:47:12.621Z"}
{"event":"auth_success","userId":"cmdv9srw50000t9sgam5gfu7e","email":"dasd@mail.ru","timestamp":"2025-08-03T10:48:43.760Z"}
{"event":"auth_success","userId":"cmdvk67iy0027t9sgyaea2fqp","email":"sv@mail.ru","timestamp":"2025-08-03T10:49:08.146Z"}
{"event":"shamir_session_created","dealerId":"cmdv9srw50000t9sgam5gfu7e","sessionId":"cmdvk7nb20028t9sg7cloqrxi","prime":"4072049377629763184576848751830949","threshold":2,"timestamp":"2025-08-03T10:49:41.130Z"}
{"event":"share_saved","sessionId":"cmdvk7nb20028t9sg7cloqrxi","recipient":"cmdv9srw50000t9sgam5gfu7e","x":"1","timestamp":"2025-08-03T10:49:41.287Z"}
{"event":"share_saved","sessionId":"cmdvk7nb20028t9sg7cloqrxi","recipient":"cmdvk67iy0027t9sgyaea2fqp","x":"2","timestamp":"2025-08-03T10:49:41.287Z"}
{"event":"shamir_session_created","dealerId":"cmdv9srw50000t9sgam5gfu7e","sessionId":"cmdvkobkl0000t980nz6e6lll","prime":"143344910700193","threshold":2,"timestamp":"2025-08-03T11:02:39.071Z"}
{"event":"share_saved","sessionId":"cmdvkobkl0000t980nz6e6lll","recipient":"cmdv9srw50000t9sgam5gfu7e","x":"1","timestamp":"2025-08-03T11:02:39.232Z"}
{"event":"share_saved","sessionId":"cmdvkobkl0000t980nz6e6lll","recipient":"cmdvk67iy0027t9sgyaea2fqp","x":"2","timestamp":"2025-08-03T11:02:39.232Z"}
{"event":"shamir_session_created","dealerId":"cmdv9srw50000t9sgam5gfu7e","sessionId":"cmdvkzr57000ht9800juiwq2k","prime":"988899634771","threshold":1,"timestamp":"2025-08-03T11:11:32.477Z"}
{"event":"share_saved","sessionId":"cmdvkzr57000ht9800juiwq2k","recipient":"cmdv9srw50000t9sgam5gfu7e","x":"1","timestamp":"2025-08-03T11:11:32.643Z"}
{"event":"shamir_session_created","dealerId":"cmdv9srw50000t9sgam5gfu7e","sessionId":"cmdvkzvym000it980n5jqkrz9","prime":"231568756568867","threshold":2,"timestamp":"2025-08-03T11:11:38.680Z"}
{"event":"share_saved","sessionId":"cmdvkzvym000it980n5jqkrz9","recipient":"cmdv9srw50000t9sgam5gfu7e","x":"1","timestamp":"2025-08-03T11:11:38.835Z"}
{"event":"share_saved","sessionId":"cmdvkzvym000it980n5jqkrz9","recipient":"cmdvk67iy0027t9sgyaea2fqp","x":"2","timestamp":"2025-08-03T11:11:38.835Z"}
{"event":"shamir_session_created","dealerId":"cmdv9srw50000t9sgam5gfu7e","sessionId":"cmdvl05qz000jt980spgzgqpd","prime":"196790107997629","threshold":1,"timestamp":"2025-08-03T11:11:51.359Z"}
{"event":"share_saved","sessionId":"cmdvl05qz000jt980spgzgqpd","recipient":"cmdvk67iy0027t9sgyaea2fqp","x":"1","timestamp":"2025-08-03T11:11:51.472Z"}
